{"C:\\Users\\narsi\\OneDrive\\Desktop\\FluidAi\\src\\app.js": {"path":"C:\\Users\\narsi\\OneDrive\\Desktop\\FluidAi\\src\\app.js","statementMap":{"0":{"start":{"line":1,"column":16},"end":{"line":1,"column":34}},"1":{"start":{"line":2,"column":19},"end":{"line":2,"column":41}},"2":{"start":{"line":3,"column":17},"end":{"line":3,"column":36}},"3":{"start":{"line":4,"column":19},"end":{"line":4,"column":49}},"4":{"start":{"line":5,"column":19},"end":{"line":5,"column":49}},"5":{"start":{"line":6,"column":29},"end":{"line":6,"column":49}},"6":{"start":{"line":7,"column":0},"end":{"line":7,"column":27}},"7":{"start":{"line":9,"column":12},"end":{"line":9,"column":21}},"8":{"start":{"line":11,"column":0},"end":{"line":11,"column":27}},"9":{"start":{"line":13,"column":0},"end":{"line":13,"column":62}},"10":{"start":{"line":15,"column":0},"end":{"line":15,"column":92}},"11":{"start":{"line":18,"column":0},"end":{"line":18,"column":20}},"12":{"start":{"line":19,"column":0},"end":{"line":19,"column":20}},"13":{"start":{"line":21,"column":0},"end":{"line":21,"column":21}}},"fnMap":{},"branchMap":{},"s":{"0":2,"1":2,"2":2,"3":2,"4":2,"5":2,"6":2,"7":2,"8":2,"9":2,"10":2,"11":2,"12":2,"13":2},"f":{},"b":{},"_coverageSchema":"1a1c01bbd47fc00a2c39e90264f33305004495a9","hash":"0566033cfcc2015b8a6b7eedb13b6ab811d7705d"}
,"C:\\Users\\narsi\\OneDrive\\Desktop\\FluidAi\\src\\swagger.js": {"path":"C:\\Users\\narsi\\OneDrive\\Desktop\\FluidAi\\src\\swagger.js","statementMap":{"0":{"start":{"line":1,"column":18},"end":{"line":1,"column":47}},"1":{"start":{"line":2,"column":21},"end":{"line":2,"column":45}},"2":{"start":{"line":4,"column":16},"end":{"line":31,"column":1}},"3":{"start":{"line":33,"column":14},"end":{"line":33,"column":35}},"4":{"start":{"line":35,"column":0},"end":{"line":35,"column":38}}},"fnMap":{},"branchMap":{},"s":{"0":2,"1":2,"2":2,"3":2,"4":2},"f":{},"b":{},"_coverageSchema":"1a1c01bbd47fc00a2c39e90264f33305004495a9","hash":"a3f910745d8e3aa158a7cc64ce1aff05eeaadece"}
,"C:\\Users\\narsi\\OneDrive\\Desktop\\FluidAi\\src\\controllers\\taskController.js": {"path":"C:\\Users\\narsi\\OneDrive\\Desktop\\FluidAi\\src\\controllers\\taskController.js","statementMap":{"0":{"start":{"line":1,"column":13},"end":{"line":1,"column":38}},"1":{"start":{"line":3,"column":0},"end":{"line":28,"column":2}},"2":{"start":{"line":4,"column":62},"end":{"line":4,"column":70}},"3":{"start":{"line":6,"column":26},"end":{"line":6,"column":43}},"4":{"start":{"line":8,"column":18},"end":{"line":8,"column":28}},"5":{"start":{"line":9,"column":4},"end":{"line":11,"column":5}},"6":{"start":{"line":10,"column":8},"end":{"line":10,"column":82}},"7":{"start":{"line":13,"column":4},"end":{"line":27,"column":5}},"8":{"start":{"line":14,"column":21},"end":{"line":21,"column":10}},"9":{"start":{"line":23,"column":8},"end":{"line":23,"column":26}},"10":{"start":{"line":24,"column":8},"end":{"line":24,"column":35}},"11":{"start":{"line":26,"column":8},"end":{"line":26,"column":36}},"12":{"start":{"line":30,"column":0},"end":{"line":37,"column":2}},"13":{"start":{"line":31,"column":4},"end":{"line":36,"column":5}},"14":{"start":{"line":32,"column":22},"end":{"line":32,"column":62}},"15":{"start":{"line":33,"column":8},"end":{"line":33,"column":36}},"16":{"start":{"line":35,"column":8},"end":{"line":35,"column":36}},"17":{"start":{"line":39,"column":0},"end":{"line":50,"column":2}},"18":{"start":{"line":40,"column":16},"end":{"line":40,"column":29}},"19":{"start":{"line":41,"column":4},"end":{"line":49,"column":5}},"20":{"start":{"line":42,"column":21},"end":{"line":42,"column":69}},"21":{"start":{"line":43,"column":8},"end":{"line":45,"column":9}},"22":{"start":{"line":44,"column":12},"end":{"line":44,"column":58}},"23":{"start":{"line":46,"column":8},"end":{"line":46,"column":35}},"24":{"start":{"line":48,"column":8},"end":{"line":48,"column":36}},"25":{"start":{"line":52,"column":0},"end":{"line":73,"column":2}},"26":{"start":{"line":53,"column":20},"end":{"line":53,"column":41}},"27":{"start":{"line":54,"column":27},"end":{"line":54,"column":84}},"28":{"start":{"line":55,"column":29},"end":{"line":55,"column":85}},"29":{"start":{"line":55,"column":53},"end":{"line":55,"column":84}},"30":{"start":{"line":57,"column":4},"end":{"line":59,"column":5}},"31":{"start":{"line":58,"column":8},"end":{"line":58,"column":67}},"32":{"start":{"line":61,"column":4},"end":{"line":72,"column":5}},"33":{"start":{"line":62,"column":21},"end":{"line":62,"column":84}},"34":{"start":{"line":63,"column":8},"end":{"line":65,"column":9}},"35":{"start":{"line":64,"column":12},"end":{"line":64,"column":42}},"36":{"start":{"line":67,"column":8},"end":{"line":67,"column":67}},"37":{"start":{"line":67,"column":34},"end":{"line":67,"column":65}},"38":{"start":{"line":68,"column":8},"end":{"line":68,"column":26}},"39":{"start":{"line":69,"column":8},"end":{"line":69,"column":35}},"40":{"start":{"line":71,"column":8},"end":{"line":71,"column":36}},"41":{"start":{"line":75,"column":0},"end":{"line":85,"column":2}},"42":{"start":{"line":76,"column":4},"end":{"line":84,"column":5}},"43":{"start":{"line":77,"column":21},"end":{"line":77,"column":93}},"44":{"start":{"line":78,"column":8},"end":{"line":80,"column":9}},"45":{"start":{"line":79,"column":12},"end":{"line":79,"column":58}},"46":{"start":{"line":81,"column":8},"end":{"line":81,"column":54}},"47":{"start":{"line":83,"column":8},"end":{"line":83,"column":36}}},"fnMap":{"0":{"name":"(anonymous_0)","decl":{"start":{"line":3,"column":21},"end":{"line":3,"column":22}},"loc":{"start":{"line":3,"column":41},"end":{"line":28,"column":1}},"line":3},"1":{"name":"(anonymous_1)","decl":{"start":{"line":30,"column":19},"end":{"line":30,"column":20}},"loc":{"start":{"line":30,"column":39},"end":{"line":37,"column":1}},"line":30},"2":{"name":"(anonymous_2)","decl":{"start":{"line":39,"column":22},"end":{"line":39,"column":23}},"loc":{"start":{"line":39,"column":42},"end":{"line":50,"column":1}},"line":39},"3":{"name":"(anonymous_3)","decl":{"start":{"line":52,"column":21},"end":{"line":52,"column":22}},"loc":{"start":{"line":52,"column":41},"end":{"line":73,"column":1}},"line":52},"4":{"name":"(anonymous_4)","decl":{"start":{"line":55,"column":43},"end":{"line":55,"column":44}},"loc":{"start":{"line":55,"column":53},"end":{"line":55,"column":84}},"line":55},"5":{"name":"(anonymous_5)","decl":{"start":{"line":67,"column":24},"end":{"line":67,"column":25}},"loc":{"start":{"line":67,"column":34},"end":{"line":67,"column":65}},"line":67},"6":{"name":"(anonymous_6)","decl":{"start":{"line":75,"column":21},"end":{"line":75,"column":22}},"loc":{"start":{"line":75,"column":41},"end":{"line":85,"column":1}},"line":75}},"branchMap":{"0":{"loc":{"start":{"line":9,"column":4},"end":{"line":11,"column":5}},"type":"if","locations":[{"start":{"line":9,"column":4},"end":{"line":11,"column":5}},{"start":{},"end":{}}],"line":9},"1":{"loc":{"start":{"line":43,"column":8},"end":{"line":45,"column":9}},"type":"if","locations":[{"start":{"line":43,"column":8},"end":{"line":45,"column":9}},{"start":{},"end":{}}],"line":43},"2":{"loc":{"start":{"line":57,"column":4},"end":{"line":59,"column":5}},"type":"if","locations":[{"start":{"line":57,"column":4},"end":{"line":59,"column":5}},{"start":{},"end":{}}],"line":57},"3":{"loc":{"start":{"line":63,"column":8},"end":{"line":65,"column":9}},"type":"if","locations":[{"start":{"line":63,"column":8},"end":{"line":65,"column":9}},{"start":{},"end":{}}],"line":63},"4":{"loc":{"start":{"line":78,"column":8},"end":{"line":80,"column":9}},"type":"if","locations":[{"start":{"line":78,"column":8},"end":{"line":80,"column":9}},{"start":{},"end":{}}],"line":78}},"s":{"0":2,"1":2,"2":2,"3":2,"4":2,"5":2,"6":1,"7":1,"8":1,"9":1,"10":1,"11":0,"12":2,"13":1,"14":1,"15":1,"16":0,"17":2,"18":1,"19":1,"20":1,"21":1,"22":1,"23":0,"24":0,"25":2,"26":2,"27":2,"28":2,"29":2,"30":2,"31":1,"32":1,"33":1,"34":1,"35":0,"36":1,"37":1,"38":1,"39":1,"40":0,"41":2,"42":1,"43":1,"44":1,"45":0,"46":1,"47":0},"f":{"0":2,"1":1,"2":1,"3":2,"4":2,"5":1,"6":1},"b":{"0":[1,1],"1":[1,0],"2":[1,1],"3":[0,1],"4":[0,1]},"_coverageSchema":"1a1c01bbd47fc00a2c39e90264f33305004495a9","hash":"e8360e835d7d36904176cef98526954ad80bf7de"}
,"C:\\Users\\narsi\\OneDrive\\Desktop\\FluidAi\\src\\controllers\\userController.js": {"path":"C:\\Users\\narsi\\OneDrive\\Desktop\\FluidAi\\src\\controllers\\userController.js","statementMap":{"0":{"start":{"line":1,"column":12},"end":{"line":1,"column":35}},"1":{"start":{"line":2,"column":13},"end":{"line":2,"column":38}},"2":{"start":{"line":3,"column":0},"end":{"line":3,"column":27}},"3":{"start":{"line":4,"column":15},"end":{"line":4,"column":32}},"4":{"start":{"line":6,"column":0},"end":{"line":30,"column":2}},"5":{"start":{"line":7,"column":41},"end":{"line":7,"column":49}},"6":{"start":{"line":9,"column":4},"end":{"line":29,"column":5}},"7":{"start":{"line":10,"column":27},"end":{"line":10,"column":57}},"8":{"start":{"line":11,"column":8},"end":{"line":13,"column":9}},"9":{"start":{"line":12,"column":12},"end":{"line":12,"column":93}},"10":{"start":{"line":15,"column":31},"end":{"line":15,"column":62}},"11":{"start":{"line":17,"column":24},"end":{"line":17,"column":78}},"12":{"start":{"line":19,"column":8},"end":{"line":19,"column":29}},"13":{"start":{"line":21,"column":22},"end":{"line":21,"column":69}},"14":{"start":{"line":22,"column":8},"end":{"line":22,"column":55}},"15":{"start":{"line":24,"column":8},"end":{"line":26,"column":9}},"16":{"start":{"line":25,"column":12},"end":{"line":25,"column":66}},"17":{"start":{"line":27,"column":8},"end":{"line":27,"column":49}},"18":{"start":{"line":28,"column":8},"end":{"line":28,"column":56}},"19":{"start":{"line":32,"column":0},"end":{"line":54,"column":2}},"20":{"start":{"line":33,"column":4},"end":{"line":53,"column":5}},"21":{"start":{"line":34,"column":39},"end":{"line":34,"column":47}},"22":{"start":{"line":35,"column":21},"end":{"line":35,"column":53}},"23":{"start":{"line":37,"column":8},"end":{"line":39,"column":9}},"24":{"start":{"line":38,"column":12},"end":{"line":38,"column":80}},"25":{"start":{"line":41,"column":24},"end":{"line":41,"column":60}},"26":{"start":{"line":43,"column":8},"end":{"line":45,"column":9}},"27":{"start":{"line":44,"column":12},"end":{"line":44,"column":80}},"28":{"start":{"line":47,"column":22},"end":{"line":47,"column":66}},"29":{"start":{"line":49,"column":8},"end":{"line":49,"column":34}},"30":{"start":{"line":51,"column":8},"end":{"line":51,"column":48}},"31":{"start":{"line":52,"column":8},"end":{"line":52,"column":56}}},"fnMap":{"0":{"name":"(anonymous_0)","decl":{"start":{"line":6,"column":17},"end":{"line":6,"column":18}},"loc":{"start":{"line":6,"column":37},"end":{"line":30,"column":1}},"line":6},"1":{"name":"(anonymous_1)","decl":{"start":{"line":32,"column":16},"end":{"line":32,"column":17}},"loc":{"start":{"line":32,"column":36},"end":{"line":54,"column":1}},"line":32}},"branchMap":{"0":{"loc":{"start":{"line":11,"column":8},"end":{"line":13,"column":9}},"type":"if","locations":[{"start":{"line":11,"column":8},"end":{"line":13,"column":9}},{"start":{},"end":{}}],"line":11},"1":{"loc":{"start":{"line":24,"column":8},"end":{"line":26,"column":9}},"type":"if","locations":[{"start":{"line":24,"column":8},"end":{"line":26,"column":9}},{"start":{},"end":{}}],"line":24},"2":{"loc":{"start":{"line":37,"column":8},"end":{"line":39,"column":9}},"type":"if","locations":[{"start":{"line":37,"column":8},"end":{"line":39,"column":9}},{"start":{},"end":{}}],"line":37},"3":{"loc":{"start":{"line":43,"column":8},"end":{"line":45,"column":9}},"type":"if","locations":[{"start":{"line":43,"column":8},"end":{"line":45,"column":9}},{"start":{},"end":{}}],"line":43}},"s":{"0":2,"1":2,"2":2,"3":2,"4":2,"5":9,"6":9,"7":9,"8":9,"9":0,"10":9,"11":9,"12":9,"13":9,"14":9,"15":0,"16":0,"17":0,"18":0,"19":2,"20":1,"21":1,"22":1,"23":1,"24":0,"25":1,"26":1,"27":0,"28":1,"29":1,"30":0,"31":0},"f":{"0":9,"1":1},"b":{"0":[0,9],"1":[0,0],"2":[0,1],"3":[0,1]},"_coverageSchema":"1a1c01bbd47fc00a2c39e90264f33305004495a9","hash":"614dc044c02adf4a1f16cc7a53103f914c5304a3"}
,"C:\\Users\\narsi\\OneDrive\\Desktop\\FluidAi\\src\\middleware\\auth.js": {"path":"C:\\Users\\narsi\\OneDrive\\Desktop\\FluidAi\\src\\middleware\\auth.js","statementMap":{"0":{"start":{"line":1,"column":12},"end":{"line":1,"column":35}},"1":{"start":{"line":2,"column":13},"end":{"line":2,"column":38}},"2":{"start":{"line":3,"column":0},"end":{"line":3,"column":27}},"3":{"start":{"line":6,"column":13},"end":{"line":21,"column":1}},"4":{"start":{"line":7,"column":4},"end":{"line":20,"column":5}},"5":{"start":{"line":8,"column":22},"end":{"line":8,"column":72}},"6":{"start":{"line":9,"column":24},"end":{"line":9,"column":58}},"7":{"start":{"line":10,"column":21},"end":{"line":10,"column":61}},"8":{"start":{"line":12,"column":8},"end":{"line":14,"column":9}},"9":{"start":{"line":13,"column":12},"end":{"line":13,"column":30}},"10":{"start":{"line":16,"column":8},"end":{"line":16,"column":24}},"11":{"start":{"line":17,"column":8},"end":{"line":17,"column":15}},"12":{"start":{"line":19,"column":8},"end":{"line":19,"column":64}},"13":{"start":{"line":23,"column":0},"end":{"line":23,"column":22}}},"fnMap":{"0":{"name":"(anonymous_0)","decl":{"start":{"line":6,"column":13},"end":{"line":6,"column":14}},"loc":{"start":{"line":6,"column":39},"end":{"line":21,"column":1}},"line":6}},"branchMap":{"0":{"loc":{"start":{"line":12,"column":8},"end":{"line":14,"column":9}},"type":"if","locations":[{"start":{"line":12,"column":8},"end":{"line":14,"column":9}},{"start":{},"end":{}}],"line":12}},"s":{"0":2,"1":2,"2":2,"3":2,"4":7,"5":7,"6":7,"7":7,"8":7,"9":0,"10":7,"11":7,"12":0,"13":2},"f":{"0":7},"b":{"0":[0,7]},"_coverageSchema":"1a1c01bbd47fc00a2c39e90264f33305004495a9","hash":"8f2a342453451b77821c7e24a6567473a7260528"}
,"C:\\Users\\narsi\\OneDrive\\Desktop\\FluidAi\\src\\models\\task.js": {"path":"C:\\Users\\narsi\\OneDrive\\Desktop\\FluidAi\\src\\models\\task.js","statementMap":{"0":{"start":{"line":1,"column":17},"end":{"line":1,"column":36}},"1":{"start":{"line":3,"column":19},"end":{"line":32,"column":2}},"2":{"start":{"line":34,"column":0},"end":{"line":34,"column":52}}},"fnMap":{},"branchMap":{},"s":{"0":2,"1":2,"2":2},"f":{},"b":{},"_coverageSchema":"1a1c01bbd47fc00a2c39e90264f33305004495a9","hash":"5f616ebf843a54a8fc3a5fb9935cd16de41d167c"}
,"C:\\Users\\narsi\\OneDrive\\Desktop\\FluidAi\\src\\models\\user.js": {"path":"C:\\Users\\narsi\\OneDrive\\Desktop\\FluidAi\\src\\models\\user.js","statementMap":{"0":{"start":{"line":1,"column":17},"end":{"line":1,"column":36}},"1":{"start":{"line":2,"column":15},"end":{"line":2,"column":32}},"2":{"start":{"line":4,"column":19},"end":{"line":23,"column":2}},"3":{"start":{"line":25,"column":0},"end":{"line":31,"column":2}},"4":{"start":{"line":26,"column":4},"end":{"line":30,"column":5}},"5":{"start":{"line":27,"column":8},"end":{"line":27,"column":70}},"6":{"start":{"line":29,"column":8},"end":{"line":29,"column":31}},"7":{"start":{"line":33,"column":13},"end":{"line":33,"column":47}},"8":{"start":{"line":35,"column":0},"end":{"line":35,"column":22}}},"fnMap":{"0":{"name":"(anonymous_0)","decl":{"start":{"line":25,"column":37},"end":{"line":25,"column":38}},"loc":{"start":{"line":25,"column":71},"end":{"line":31,"column":1}},"line":25}},"branchMap":{},"s":{"0":2,"1":2,"2":2,"3":2,"4":1,"5":1,"6":0,"7":2,"8":2},"f":{"0":1},"b":{},"_coverageSchema":"1a1c01bbd47fc00a2c39e90264f33305004495a9","hash":"bd217e0ce9e570a60fea96fe0c0162d180fc1ac3"}
,"C:\\Users\\narsi\\OneDrive\\Desktop\\FluidAi\\src\\routes\\taskRoutes.js": {"path":"C:\\Users\\narsi\\OneDrive\\Desktop\\FluidAi\\src\\routes\\taskRoutes.js","statementMap":{"0":{"start":{"line":1,"column":16},"end":{"line":1,"column":34}},"1":{"start":{"line":2,"column":15},"end":{"line":2,"column":31}},"2":{"start":{"line":3,"column":13},"end":{"line":3,"column":42}},"3":{"start":{"line":4,"column":23},"end":{"line":4,"column":63}},"4":{"start":{"line":6,"column":0},"end":{"line":6,"column":50}},"5":{"start":{"line":7,"column":0},"end":{"line":7,"column":47}},"6":{"start":{"line":8,"column":0},"end":{"line":8,"column":53}},"7":{"start":{"line":9,"column":0},"end":{"line":9,"column":54}},"8":{"start":{"line":10,"column":0},"end":{"line":10,"column":55}},"9":{"start":{"line":12,"column":0},"end":{"line":12,"column":24}}},"fnMap":{},"branchMap":{},"s":{"0":2,"1":2,"2":2,"3":2,"4":2,"5":2,"6":2,"7":2,"8":2,"9":2},"f":{},"b":{},"_coverageSchema":"1a1c01bbd47fc00a2c39e90264f33305004495a9","hash":"b91e31d50504dc38fcc4a04ef8293b41bbec9371"}
,"C:\\Users\\narsi\\OneDrive\\Desktop\\FluidAi\\src\\routes\\userRoutes.js": {"path":"C:\\Users\\narsi\\OneDrive\\Desktop\\FluidAi\\src\\routes\\userRoutes.js","statementMap":{"0":{"start":{"line":1,"column":16},"end":{"line":1,"column":34}},"1":{"start":{"line":2,"column":15},"end":{"line":2,"column":31}},"2":{"start":{"line":3,"column":23},"end":{"line":3,"column":63}},"3":{"start":{"line":5,"column":0},"end":{"line":5,"column":46}},"4":{"start":{"line":6,"column":0},"end":{"line":6,"column":44}},"5":{"start":{"line":8,"column":0},"end":{"line":8,"column":24}}},"fnMap":{},"branchMap":{},"s":{"0":2,"1":2,"2":2,"3":2,"4":2,"5":2},"f":{},"b":{},"_coverageSchema":"1a1c01bbd47fc00a2c39e90264f33305004495a9","hash":"e9210892a9e58f429e5241dbfb3dafd2a524badc"}
}
