TN:
SF:src\app.js
FNF:0
FNH:0
DA:1,2
DA:2,2
DA:3,2
DA:4,2
DA:5,2
DA:6,2
DA:7,2
DA:9,2
DA:11,2
DA:13,2
DA:15,2
DA:18,2
DA:19,2
DA:21,2
LF:14
LH:14
BRF:0
BRH:0
end_of_record
TN:
SF:src\swagger.js
FNF:0
FNH:0
DA:1,2
DA:2,2
DA:4,2
DA:33,2
DA:35,2
LF:5
LH:5
BRF:0
BRH:0
end_of_record
TN:
SF:src\controllers\taskController.js
FN:3,(anonymous_0)
FN:30,(anonymous_1)
FN:39,(anonymous_2)
FN:52,(anonymous_3)
FN:55,(anonymous_4)
FN:67,(anonymous_5)
FN:75,(anonymous_6)
FNF:7
FNH:7
FNDA:2,(anonymous_0)
FNDA:1,(anonymous_1)
FNDA:1,(anonymous_2)
FNDA:2,(anonymous_3)
FNDA:2,(anonymous_4)
FNDA:1,(anonymous_5)
FNDA:1,(anonymous_6)
DA:1,2
DA:3,2
DA:4,2
DA:6,2
DA:8,2
DA:9,2
DA:10,1
DA:13,1
DA:14,1
DA:23,1
DA:24,1
DA:26,0
DA:30,2
DA:31,1
DA:32,1
DA:33,1
DA:35,0
DA:39,2
DA:40,1
DA:41,1
DA:42,1
DA:43,1
DA:44,1
DA:46,0
DA:48,0
DA:52,2
DA:53,2
DA:54,2
DA:55,2
DA:57,2
DA:58,1
DA:61,1
DA:62,1
DA:63,1
DA:64,0
DA:67,1
DA:68,1
DA:69,1
DA:71,0
DA:75,2
DA:76,1
DA:77,1
DA:78,1
DA:79,0
DA:81,1
DA:83,0
LF:46
LH:38
BRDA:9,0,0,1
BRDA:9,0,1,1
BRDA:43,1,0,1
BRDA:43,1,1,0
BRDA:57,2,0,1
BRDA:57,2,1,1
BRDA:63,3,0,0
BRDA:63,3,1,1
BRDA:78,4,0,0
BRDA:78,4,1,1
BRF:10
BRH:7
end_of_record
TN:
SF:src\controllers\userController.js
FN:6,(anonymous_0)
FN:32,(anonymous_1)
FNF:2
FNH:2
FNDA:9,(anonymous_0)
FNDA:1,(anonymous_1)
DA:1,2
DA:2,2
DA:3,2
DA:4,2
DA:6,2
DA:7,9
DA:9,9
DA:10,9
DA:11,9
DA:12,0
DA:15,9
DA:17,9
DA:19,9
DA:21,9
DA:22,9
DA:24,0
DA:25,0
DA:27,0
DA:28,0
DA:32,2
DA:33,1
DA:34,1
DA:35,1
DA:37,1
DA:38,0
DA:41,1
DA:43,1
DA:44,0
DA:47,1
DA:49,1
DA:51,0
DA:52,0
LF:32
LH:23
BRDA:11,0,0,0
BRDA:11,0,1,9
BRDA:24,1,0,0
BRDA:24,1,1,0
BRDA:37,2,0,0
BRDA:37,2,1,1
BRDA:43,3,0,0
BRDA:43,3,1,1
BRF:8
BRH:3
end_of_record
TN:
SF:src\middleware\auth.js
FN:6,(anonymous_0)
FNF:1
FNH:1
FNDA:7,(anonymous_0)
DA:1,2
DA:2,2
DA:3,2
DA:6,2
DA:7,7
DA:8,7
DA:9,7
DA:10,7
DA:12,7
DA:13,0
DA:16,7
DA:17,7
DA:19,0
DA:23,2
LF:14
LH:12
BRDA:12,0,0,0
BRDA:12,0,1,7
BRF:2
BRH:1
end_of_record
TN:
SF:src\models\task.js
FNF:0
FNH:0
DA:1,2
DA:3,2
DA:34,2
LF:3
LH:3
BRF:0
BRH:0
end_of_record
TN:
SF:src\models\user.js
FN:25,(anonymous_0)
FNF:1
FNH:1
FNDA:1,(anonymous_0)
DA:1,2
DA:2,2
DA:4,2
DA:25,2
DA:26,1
DA:27,1
DA:29,0
DA:33,2
DA:35,2
LF:9
LH:8
BRF:0
BRH:0
end_of_record
TN:
SF:src\routes\taskRoutes.js
FNF:0
FNH:0
DA:1,2
DA:2,2
DA:3,2
DA:4,2
DA:6,2
DA:7,2
DA:8,2
DA:9,2
DA:10,2
DA:12,2
LF:10
LH:10
BRF:0
BRH:0
end_of_record
TN:
SF:src\routes\userRoutes.js
FNF:0
FNH:0
DA:1,2
DA:2,2
DA:3,2
DA:5,2
DA:6,2
DA:8,2
LF:6
LH:6
BRF:0
BRH:0
end_of_record
